c:\users\aljan\projects\source\modelviewergl3\modelviewergl3\x64\debug\vc142.pdb
c:\users\aljan\projects\source\modelviewergl3\modelviewergl3\x64\debug\vc142.idb
c:\users\aljan\projects\source\modelviewergl3\modelviewergl3\x64\debug\modelviewer.obj
c:\users\aljan\projects\source\modelviewergl3\modelviewergl3\x64\debug\loadshader.obj
c:\users\aljan\projects\source\modelviewergl3\modelviewergl3\x64\debug\tutorials.obj
c:\users\aljan\projects\source\modelviewergl3\x64\debug\modelviewergl3.exe
c:\users\aljan\projects\source\modelviewergl3\x64\debug\modelviewergl3.ilk
c:\users\aljan\projects\source\modelviewergl3\x64\debug\modelviewergl3.pdb
c:\users\aljan\projects\source\modelviewergl3\modelviewergl3\x64\debug\modelviewergl3.tlog\cl.command.1.tlog
c:\users\aljan\projects\source\modelviewergl3\modelviewergl3\x64\debug\modelviewergl3.tlog\cl.read.1.tlog
c:\users\aljan\projects\source\modelviewergl3\modelviewergl3\x64\debug\modelviewergl3.tlog\cl.write.1.tlog
c:\users\aljan\projects\source\modelviewergl3\modelviewergl3\x64\debug\modelviewergl3.tlog\fxc.command.1.tlog
c:\users\aljan\projects\source\modelviewergl3\modelviewergl3\x64\debug\modelviewergl3.tlog\fxc.read.1.tlog
c:\users\aljan\projects\source\modelviewergl3\modelviewergl3\x64\debug\modelviewergl3.tlog\link-cvtres.read.1.tlog
c:\users\aljan\projects\source\modelviewergl3\modelviewergl3\x64\debug\modelviewergl3.tlog\link-cvtres.write.1.tlog
c:\users\aljan\projects\source\modelviewergl3\modelviewergl3\x64\debug\modelviewergl3.tlog\link-rc.read.1.tlog
c:\users\aljan\projects\source\modelviewergl3\modelviewergl3\x64\debug\modelviewergl3.tlog\link-rc.write.1.tlog
c:\users\aljan\projects\source\modelviewergl3\modelviewergl3\x64\debug\modelviewergl3.tlog\link.5688-cvtres.read.1.tlog
c:\users\aljan\projects\source\modelviewergl3\modelviewergl3\x64\debug\modelviewergl3.tlog\link.5688-cvtres.write.1.tlog
c:\users\aljan\projects\source\modelviewergl3\modelviewergl3\x64\debug\modelviewergl3.tlog\link.5688-rc.read.1.tlog
c:\users\aljan\projects\source\modelviewergl3\modelviewergl3\x64\debug\modelviewergl3.tlog\link.5688-rc.write.1.tlog
c:\users\aljan\projects\source\modelviewergl3\modelviewergl3\x64\debug\modelviewergl3.tlog\link.5688.read.1.tlog
c:\users\aljan\projects\source\modelviewergl3\modelviewergl3\x64\debug\modelviewergl3.tlog\link.5688.write.1.tlog
c:\users\aljan\projects\source\modelviewergl3\modelviewergl3\x64\debug\modelviewergl3.tlog\link.command.1.tlog
c:\users\aljan\projects\source\modelviewergl3\modelviewergl3\x64\debug\modelviewergl3.tlog\link.read.1.tlog
c:\users\aljan\projects\source\modelviewergl3\modelviewergl3\x64\debug\modelviewergl3.tlog\link.write.1.tlog
